<?xml version="1.0" encoding="UTF-8"?>
<!-- Generated by org.testng.reporters.JUnitReportReporter -->
<testsuite hostname="Love" failures="0" tests="1" name="test_cases.module_001.api_aaa.functional_validations.SucessFunctionalValidations" time="1.863" errors="0" timestamp="2020-01-27T16:02:29 IST" skipped="0">
  <testcase classname="test_cases.module_001.api_aaa.functional_validations.SucessFunctionalValidations" name="test" time="1.863"/>
  <system-out/>
</testsuite> <!-- test_cases.module_001.api_aaa.functional_validations.SucessFunctionalValidations -->
