<?xml version="1.0" encoding="UTF-8"?>
<!-- Generated by org.testng.reporters.JUnitReportReporter -->
<testsuite hostname="Love" failures="0" tests="1" name="rest_assured.Setup" time="0.032" errors="0" timestamp="2020-01-17T12:32:24 IST" skipped="0">
  <testcase classname="rest_assured.Setup" name="Test" time="0.032"/>
  <system-out/>
</testsuite> <!-- rest_assured.Setup -->
